生成启动时间为 5/29/2016 5:19:18 PM。
     1>项目“E:\GitHub\InternetCheckConnection\InternetCheckConnection\InternetCheckConnection.vcxproj”在节点 2 上(rebuild 个目标)。
     1>PrepareForBuild:
         正在创建目录“E:\GitHub\InternetCheckConnection\Release\”。
       InitializeBuildStatus:
         正在创建“Release\InternetCheckConnection.unsuccessfulbuild”，因为已指定“AlwaysCreate”。
       ClCompile:
         C:\Program Files (x86)\Microsoft Visual Studio 10.0\VC\bin\CL.exe /c /Zi /nologo /W3 /WX- /O2 /Oi /Oy- /GL /D WIN32 /D NDEBUG /D _CONSOLE /D _UNICODE /D UNICODE /Gm- /EHsc /MD /GS /Gy /fp:precise /Zc:wchar_t /Zc:forScope /Yc"StdAfx.h" /Fp"Release\InternetCheckConnection.pch" /Fo"Release\\" /Fd"Release\vc100.pdb" /Gd /TP /analyze- /errorReport:prompt stdafx.cpp
         stdafx.cpp
         C:\Program Files (x86)\Microsoft Visual Studio 10.0\VC\bin\CL.exe /c /Zi /nologo /W3 /WX- /O2 /Oi /Oy- /GL /D WIN32 /D NDEBUG /D _CONSOLE /D _UNICODE /D UNICODE /Gm- /EHsc /MD /GS /Gy /fp:precise /Zc:wchar_t /Zc:forScope /Yu"StdAfx.h" /Fp"Release\InternetCheckConnection.pch" /Fo"Release\\" /Fd"Release\vc100.pdb" /Gd /TP /analyze- /errorReport:prompt InternetCheckConnection.cpp
         InternetCheckConnection.cpp
     1>InternetCheckConnection.cpp(17): warning C4996: 'swprintf': swprintf has been changed to conform with the ISO C standard, adding an extra character count parameter. To use traditional Microsoft swprintf, set _CRT_NON_CONFORMING_SWPRINTFS.
                 C:\Program Files (x86)\Microsoft Visual Studio 10.0\VC\include\swprintf.inl(85) : 参见“swprintf”的声明
     1>InternetCheckConnection.cpp(18): warning C4800: “BOOL”: 将值强制为布尔值“true”或“false”(性能警告)
       Link:
         C:\Program Files (x86)\Microsoft Visual Studio 10.0\VC\bin\link.exe /ERRORREPORT:PROMPT /OUT:"E:\GitHub\InternetCheckConnection\Release\InternetCheckConnection.exe" /INCREMENTAL:NO /NOLOGO kernel32.lib user32.lib gdi32.lib winspool.lib comdlg32.lib advapi32.lib shell32.lib ole32.lib oleaut32.lib uuid.lib odbc32.lib odbccp32.lib /MANIFEST /ManifestFile:"Release\InternetCheckConnection.exe.intermediate.manifest" /MANIFESTUAC:"level='asInvoker' uiAccess='false'" /DEBUG /PDB:"E:\GitHub\InternetCheckConnection\Release\InternetCheckConnection.pdb" /SUBSYSTEM:CONSOLE /OPT:REF /OPT:ICF /LTCG /TLBID:1 /DYNAMICBASE /NXCOMPAT /IMPLIB:"E:\GitHub\InternetCheckConnection\Release\InternetCheckConnection.lib" /MACHINE:X86 Release\InternetCheckConnection.obj
         Release\stdafx.obj
         正在生成代码
         已完成代码的生成
         InternetCheckConnection.vcxproj -> E:\GitHub\InternetCheckConnection\Release\InternetCheckConnection.exe
       Manifest:
         C:\Program Files (x86)\Microsoft SDKs\Windows\v7.0A\bin\mt.exe /nologo /verbose /outputresource:"E:\GitHub\InternetCheckConnection\Release\InternetCheckConnection.exe;#1" /manifest Release\InternetCheckConnection.exe.intermediate.manifest
       FinalizeBuildStatus:
         正在删除文件“Release\InternetCheckConnection.unsuccessfulbuild”。
         正在对“Release\InternetCheckConnection.lastbuildstate”执行 Touch 任务。
     1>已完成生成项目“E:\GitHub\InternetCheckConnection\InternetCheckConnection\InternetCheckConnection.vcxproj”(rebuild 个目标)的操作。

生成成功。

已用时间 00:00:01.66
